<?xml version="1.0" encoding="UTF-8"?>
<!-- Generated by org.testng.reporters.JUnitXMLReporter -->
<testsuite hostname="Teja-PC" name="Regression1" tests="3" failures="0" timestamp="26 Jan 2019 17:14:06 GMT" time="57.352" errors="0">
  <testcase name="verifying_login" time="11.795" classname="com.hrms.TestScripts.TC_101_VerifyingLogin"/>
  <testcase name="addemployee" time="22.908" classname="com.hrms.TestScripts.TC_102_Add_NewEmp"/>
  <testcase name="deleteemployee" time="22.587" classname="com.hrms.TestScripts.TC_103_Del_Emp"/>
</testsuite> <!-- Regression1 -->
